<?xml version="1.0" encoding="UTF-8"?>
<!-- Generated by org.testng.reporters.JUnitXMLReporter -->
<testsuite ignored="10" hostname="DESKTOP-MSCIP15" failures="1" tests="25" name="Edge Tests" time="220.088" errors="0" timestamp="2025-07-21T14:03:45 GMT-07:00">
  <testcase classname="tests.AddContactTests" name="testAddContactScenarios" time="5.753"/>
  <testcase classname="tests.AddContactTests" name="testAddContactScenarios" time="4.937"/>
  <testcase classname="tests.AddContactTests" name="testAddContactScenarios" time="4.948"/>
  <testcase classname="tests.AddContactTests" name="testAddContactScenarios" time="5.12"/>
  <testcase classname="tests.AddContactTests" name="testAddContactScenarios" time="5.13"/>
  <testcase classname="tests.DeleteContactTests" name="testDeleteContact" time="2.792"/>
  <testcase classname="tests.DeleteContactTests" name="testDeleteContact" time="23.85"/>
  <testcase classname="tests.DeleteContactTests" name="testDeleteContact" time="11.322"/>
  <testcase classname="tests.EditContactTests" name="testEditContact" time="12.051"/>
  <testcase classname="tests.EditContactTests" name="testEditContact" time="14.454"/>
  <testcase classname="tests.EditContactTests" name="testEditContact" time="13.748"/>
  <testcase classname="tests.LoginTests" name="testLoginScenarios" time="2.052"/>
  <testcase classname="tests.LoginTests" name="testLoginScenarios" time="1.595"/>
  <testcase classname="tests.LoginTests" name="testLoginScenarios" time="1.891"/>
  <testcase classname="tests.LoginTests" name="testLoginScenarios" time="1.768"/>
  <testcase classname="tests.SignUpTests" name="testSignUpScenarios" time="11.81">
    <failure type="org.openqa.selenium.TimeoutException" message="Expected condition failed: waiting for visibility of element located by By.id: add-contact (tried for 10 second(s) with 500 milliseconds interval)
Build info: version: &amp;apos;4.21.0&amp;apos;, revision: &amp;apos;79ed462ef4&amp;apos;
System info: os.name: &amp;apos;Windows 10&amp;apos;, os.arch: &amp;apos;amd64&amp;apos;, os.version: &amp;apos;10.0&amp;apos;, java.version: &amp;apos;17.0.10&amp;apos;
Driver info: org.openqa.selenium.edge.EdgeDriver
Capabilities {acceptInsecureCerts: false, browserName: MicrosoftEdge, browserVersion: 138.0.3351.95, fedcm:accounts: true, ms:edgeOptions: {debuggerAddress: localhost:53871}, msedge: {msedgedriverVersion: 138.0.3351.95 (b095f7295f46..., userDataDir: C:\Users\smart\AppData\Loca...}, networkConnectionEnabled: false, pageLoadStrategy: normal, platformName: windows, proxy: Proxy(), se:cdp: ws://localhost:53871/devtoo..., se:cdpVersion: 138.0.3351.95, setWindowRect: true, strictFileInteractability: false, timeouts: {implicit: 0, pageLoad: 300000, script: 30000}, unhandledPromptBehavior: dismiss and notify, webauthn:extension:credBlob: true, webauthn:extension:largeBlob: true, webauthn:extension:minPinLength: true, webauthn:extension:prf: true, webauthn:virtualAuthenticators: true}
Session ID: 2e5dce6b63835d115235f6ee2bfeef93">
      <![CDATA[org.openqa.selenium.TimeoutException: Expected condition failed: waiting for visibility of element located by By.id: add-contact (tried for 10 second(s) with 500 milliseconds interval)
Build info: version: '4.21.0', revision: '79ed462ef4'
System info: os.name: 'Windows 10', os.arch: 'amd64', os.version: '10.0', java.version: '17.0.10'
Driver info: org.openqa.selenium.edge.EdgeDriver
Capabilities {acceptInsecureCerts: false, browserName: MicrosoftEdge, browserVersion: 138.0.3351.95, fedcm:accounts: true, ms:edgeOptions: {debuggerAddress: localhost:53871}, msedge: {msedgedriverVersion: 138.0.3351.95 (b095f7295f46..., userDataDir: C:\Users\smart\AppData\Loca...}, networkConnectionEnabled: false, pageLoadStrategy: normal, platformName: windows, proxy: Proxy(), se:cdp: ws://localhost:53871/devtoo..., se:cdpVersion: 138.0.3351.95, setWindowRect: true, strictFileInteractability: false, timeouts: {implicit: 0, pageLoad: 300000, script: 30000}, unhandledPromptBehavior: dismiss and notify, webauthn:extension:credBlob: true, webauthn:extension:largeBlob: true, webauthn:extension:minPinLength: true, webauthn:extension:prf: true, webauthn:virtualAuthenticators: true}
Session ID: 2e5dce6b63835d115235f6ee2bfeef93
at org.openqa.selenium.support.ui.WebDriverWait.timeoutException(WebDriverWait.java:84)
at org.openqa.selenium.support.ui.FluentWait.until(FluentWait.java:228)
at tests.SignUpTests.testSignUpScenarios(SignUpTests.java:50)
at java.base/java.util.ArrayList.forEach(ArrayList.java:1511)
at java.base/java.util.concurrent.FutureTask.run(FutureTask.java:264)
at java.base/java.util.concurrent.ThreadPoolExecutor.runWorker(ThreadPoolExecutor.java:1136)
at java.base/java.util.concurrent.ThreadPoolExecutor$Worker.run(ThreadPoolExecutor.java:635)
at java.base/java.lang.Thread.run(Thread.java:840)
... Removed 17 stack frames]]>
    </failure>
  </testcase> <!-- testSignUpScenarios -->
  <testcase classname="tests.SignUpTests" name="testSignUpScenarios" time="2.554"/>
  <testcase classname="tests.SignUpTests" name="testSignUpScenarios" time="2.33"/>
  <testcase classname="tests.SignUpTests" name="testSignUpScenarios" time="2.345"/>
  <testcase classname="tests.LoginTests" name="verifyPasswordIsMasked" time="0.026"/>
  <testcase classname="tests.SessionManagementTests" name="testLogoutRedirectsToLogin" time="2.632"/>
  <testcase classname="tests.SessionManagementTests" name="testLoginStateOnRefresh" time="2.178"/>
  <testcase classname="tests.SessionManagementTests" name="testLoginRequiredForContactList" time="0.649"/>
  <testcase classname="tests.SessionManagementTests" name="testBackButtonAfterLogout" time="2.433"/>
  <testcase classname="tests.SessionManagementTests" name="testContactFormAlignment" time="2.616"/>
  <testcase classname="base.BaseTest" name="@BeforeSuite setUpReport" time="0.0">
    <ignored/>
  </testcase> <!-- @BeforeSuite setUpReport -->
  <testcase classname="base.BaseTest" name="@BeforeSuite setUpReport" time="0.0">
    <ignored/>
  </testcase> <!-- @BeforeSuite setUpReport -->
  <testcase classname="base.BaseTest" name="@BeforeSuite setUpReport" time="0.0">
    <ignored/>
  </testcase> <!-- @BeforeSuite setUpReport -->
  <testcase classname="base.BaseTest" name="@AfterSuite tearDownReport" time="0.0">
    <ignored/>
  </testcase> <!-- @AfterSuite tearDownReport -->
  <testcase classname="base.BaseTest" name="@AfterSuite tearDownReport" time="0.0">
    <ignored/>
  </testcase> <!-- @AfterSuite tearDownReport -->
  <testcase classname="base.BaseTest" name="@AfterSuite tearDownReport" time="0.0">
    <ignored/>
  </testcase> <!-- @AfterSuite tearDownReport -->
  <testcase classname="base.BaseTest" name="@BeforeSuite setUpReport" time="0.0">
    <ignored/>
  </testcase> <!-- @BeforeSuite setUpReport -->
  <testcase classname="base.BaseTest" name="@AfterSuite tearDownReport" time="0.0">
    <ignored/>
  </testcase> <!-- @AfterSuite tearDownReport -->
  <testcase classname="base.BaseTest" name="@AfterSuite tearDownReport" time="0.0">
    <ignored/>
  </testcase> <!-- @AfterSuite tearDownReport -->
  <testcase classname="base.BaseTest" name="@BeforeSuite setUpReport" time="0.0">
    <ignored/>
  </testcase> <!-- @BeforeSuite setUpReport -->
</testsuite> <!-- Edge Tests -->
