<?xml version="1.0" encoding="UTF-8"?>
<!-- Generated by org.testng.reporters.JUnitXMLReporter -->
<testsuite ignored="10" hostname="DESKTOP-MSCIP15" failures="1" tests="25" name="Chrome Tests" time="171.559" errors="0" timestamp="2025-07-19T23:31:22 GMT-07:00">
  <testcase classname="tests.AddContactTests" name="testAddContactScenarios" time="4.37"/>
  <testcase classname="tests.AddContactTests" name="testAddContactScenarios" time="4.055"/>
  <testcase classname="tests.AddContactTests" name="testAddContactScenarios" time="4.082"/>
  <testcase classname="tests.AddContactTests" name="testAddContactScenarios" time="3.861"/>
  <testcase classname="tests.AddContactTests" name="testAddContactScenarios" time="3.981"/>
  <testcase classname="tests.DeleteContactTests" name="testDeleteContact" time="2.091"/>
  <testcase classname="tests.DeleteContactTests" name="testDeleteContact" time="3.545"/>
  <testcase classname="tests.DeleteContactTests" name="testDeleteContact" time="1.283">
    <failure type="java.lang.AssertionError" message="Contact is still present in table: John Doe">
      <![CDATA[java.lang.AssertionError: Contact is still present in table: John Doe
at tests.DeleteContactTests.testDeleteContact(DeleteContactTests.java:93)
at java.base/java.util.ArrayList.forEach(ArrayList.java:1511)
at java.base/java.util.concurrent.FutureTask.run(FutureTask.java:264)
at java.base/java.util.concurrent.ThreadPoolExecutor.runWorker(ThreadPoolExecutor.java:1136)
at java.base/java.util.concurrent.ThreadPoolExecutor$Worker.run(ThreadPoolExecutor.java:635)
at java.base/java.lang.Thread.run(Thread.java:840)
... Removed 18 stack frames]]>
    </failure>
  </testcase> <!-- testDeleteContact -->
  <testcase classname="tests.EditContactTests" name="testEditContact" time="11.834"/>
  <testcase classname="tests.EditContactTests" name="testEditContact" time="13.482"/>
  <testcase classname="tests.EditContactTests" name="testEditContact" time="13.871"/>
  <testcase classname="tests.LoginTests" name="testLoginScenarios" time="1.869"/>
  <testcase classname="tests.LoginTests" name="testLoginScenarios" time="1.446"/>
  <testcase classname="tests.LoginTests" name="testLoginScenarios" time="1.449"/>
  <testcase classname="tests.LoginTests" name="testLoginScenarios" time="1.426"/>
  <testcase classname="tests.SignUpTests" name="testSignUpScenarios" time="2.703"/>
  <testcase classname="tests.SignUpTests" name="testSignUpScenarios" time="2.406"/>
  <testcase classname="tests.SignUpTests" name="testSignUpScenarios" time="2.634"/>
  <testcase classname="tests.SignUpTests" name="testSignUpScenarios" time="2.394"/>
  <testcase classname="tests.LoginTests" name="verifyPasswordIsMasked" time="0.026"/>
  <testcase classname="tests.SessionManagementTests" name="testLogoutRedirectsToLogin" time="2.487"/>
  <testcase classname="tests.SessionManagementTests" name="testLoginStateOnRefresh" time="2.13"/>
  <testcase classname="tests.SessionManagementTests" name="testLoginRequiredForContactList" time="0.604"/>
  <testcase classname="tests.SessionManagementTests" name="testBackButtonAfterLogout" time="2.557"/>
  <testcase classname="tests.SessionManagementTests" name="testContactFormAlignment" time="2.811"/>
  <testcase classname="base.BaseTest" name="@BeforeSuite setUpReport" time="0.0">
    <ignored/>
  </testcase> <!-- @BeforeSuite setUpReport -->
  <testcase classname="base.BaseTest" name="@BeforeSuite setUpReport" time="0.0">
    <ignored/>
  </testcase> <!-- @BeforeSuite setUpReport -->
  <testcase classname="base.BaseTest" name="@AfterSuite tearDownReport" time="0.0">
    <ignored/>
  </testcase> <!-- @AfterSuite tearDownReport -->
  <testcase classname="base.BaseTest" name="@BeforeSuite setUpReport" time="0.0">
    <ignored/>
  </testcase> <!-- @BeforeSuite setUpReport -->
  <testcase classname="base.BaseTest" name="@AfterSuite tearDownReport" time="0.0">
    <ignored/>
  </testcase> <!-- @AfterSuite tearDownReport -->
  <testcase classname="base.BaseTest" name="@AfterSuite tearDownReport" time="0.0">
    <ignored/>
  </testcase> <!-- @AfterSuite tearDownReport -->
  <testcase classname="base.BaseTest" name="@BeforeSuite setUpReport" time="0.0">
    <ignored/>
  </testcase> <!-- @BeforeSuite setUpReport -->
  <testcase classname="base.BaseTest" name="@AfterSuite tearDownReport" time="0.0">
    <ignored/>
  </testcase> <!-- @AfterSuite tearDownReport -->
  <testcase classname="base.BaseTest" name="@AfterSuite tearDownReport" time="0.0">
    <ignored/>
  </testcase> <!-- @AfterSuite tearDownReport -->
  <testcase classname="base.BaseTest" name="@BeforeSuite setUpReport" time="0.0">
    <ignored/>
  </testcase> <!-- @BeforeSuite setUpReport -->
</testsuite> <!-- Chrome Tests -->
