<html>
<head>
<title>TestNG:  Edge Tests</title>
<link href="../testng.css" rel="stylesheet" type="text/css" />
<link href="../my-testng.css" rel="stylesheet" type="text/css" />

<style type="text/css">
.log { display: none;} 
.stack-trace { display: none;} 
</style>
<script type="text/javascript">
<!--
function flip(e) {
  current = e.style.display;
  if (current == 'block') {
    e.style.display = 'none';
    return 0;
  }
  else {
    e.style.display = 'block';
    return 1;
  }
}

function toggleBox(szDivId, elem, msg1, msg2)
{
  var res = -1;  if (document.getElementById) {
    res = flip(document.getElementById(szDivId));
  }
  else if (document.all) {
    // this is the way old msie versions work
    res = flip(document.all[szDivId]);
  }
  if(elem) {
    if(res == 0) elem.innerHTML = msg1; else elem.innerHTML = msg2;
  }

}

function toggleAllBoxes() {
  if (document.getElementsByTagName) {
    d = document.getElementsByTagName('div');
    for (i = 0; i < d.length; i++) {
      if (d[i].className == 'log') {
        flip(d[i]);
      }
    }
  }
}

// -->
</script>

</head>
<body>
<h2 align='center'>Edge Tests</h2><table border='1' align="center">
<tr>
<td>Tests passed/Failed/Skipped:</td><td>24/1/0</td>
</tr><tr>
<td>Started on:</td><td>Mon Jul 21 13:37:08 PDT 2025</td>
</tr>
<tr><td>Total time:</td><td>221 seconds (221964 ms)</td>
</tr><tr>
<td>Included groups:</td><td></td>
</tr><tr>
<td>Excluded groups:</td><td></td>
</tr>
</table><p/>
<small><i>(Hover the method name to see the test class name)</i></small><p/>
<table width='100%' border='1' class='invocation-failed'>
<tr><td colspan='4' align='center'><b>FAILED TESTS</b></td></tr>
<tr><td><b>Test method</b></td>
<td><b>Attribute(s)</b></td>
<td width="30%"><b>Exception</b></td>
<td width="10%"><b>Time (seconds)</b></td>
<td><b>Instance</b></td>
</tr>
<tr>
<td title='tests.SignUpTests.testSignUpScenarios()'><b>testSignUpScenarios</b><br>Test class: tests.SignUpTests<br>Parameters: John, Doe, john7645@gmail.com, Password123!, success</td>
<td><div><pre>org.openqa.selenium.TimeoutException: Expected condition failed: waiting for visibility of element located by By.id: add-contact (tried for 10 second(s) with 500 milliseconds interval)
Build info: version: &apos;4.21.0&apos;, revision: &apos;79ed462ef4&apos;
System info: os.name: &apos;Windows 10&apos;, os.arch: &apos;amd64&apos;, os.version: &apos;10.0&apos;, java.version: &apos;17.0.10&apos;
Driver info: org.openqa.selenium.edge.EdgeDriver
Capabilities {acceptInsecureCerts: false, browserName: MicrosoftEdge, browserVersion: 138.0.3351.95, fedcm:accounts: true, ms:edgeOptions: {debuggerAddress: localhost:52326}, msedge: {msedgedriverVersion: 138.0.3351.95 (b095f7295f46..., userDataDir: C:\Users\smart\AppData\Loca...}, networkConnectionEnabled: false, pageLoadStrategy: normal, platformName: windows, proxy: Proxy(), se:cdp: ws://localhost:52326/devtoo..., se:cdpVersion: 138.0.3351.95, setWindowRect: true, strictFileInteractability: false, timeouts: {implicit: 0, pageLoad: 300000, script: 30000}, unhandledPromptBehavior: dismiss and notify, webauthn:extension:credBlob: true, webauthn:extension:largeBlob: true, webauthn:extension:minPinLength: true, webauthn:extension:prf: true, webauthn:virtualAuthenticators: true}
Session ID: e0f1c78d8cc8d90cae7d8a8455520e1e
	at org.openqa.selenium.support.ui.WebDriverWait.timeoutException(WebDriverWait.java:84)
	at org.openqa.selenium.support.ui.FluentWait.until(FluentWait.java:228)
	at tests.SignUpTests.testSignUpScenarios(SignUpTests.java:50)
	at java.base/java.util.ArrayList.forEach(ArrayList.java:1511)
	at java.base/java.util.concurrent.FutureTask.run(FutureTask.java:264)
	at java.base/java.util.concurrent.ThreadPoolExecutor.runWorker(ThreadPoolExecutor.java:1136)
	at java.base/java.util.concurrent.ThreadPoolExecutor$Worker.run(ThreadPoolExecutor.java:635)
	at java.base/java.lang.Thread.run(Thread.java:840)
... Removed 17 stack frames</pre></div><a href='#' onClick='toggleBox("stack-trace1875972908", this, "Click to show all stack frames", "Click to hide stack frames")'>Click to show all stack frames</a>
<div class='stack-trace' id='stack-trace1875972908'><pre>org.openqa.selenium.TimeoutException: Expected condition failed: waiting for visibility of element located by By.id: add-contact (tried for 10 second(s) with 500 milliseconds interval)
Build info: version: &apos;4.21.0&apos;, revision: &apos;79ed462ef4&apos;
System info: os.name: &apos;Windows 10&apos;, os.arch: &apos;amd64&apos;, os.version: &apos;10.0&apos;, java.version: &apos;17.0.10&apos;
Driver info: org.openqa.selenium.edge.EdgeDriver
Capabilities {acceptInsecureCerts: false, browserName: MicrosoftEdge, browserVersion: 138.0.3351.95, fedcm:accounts: true, ms:edgeOptions: {debuggerAddress: localhost:52326}, msedge: {msedgedriverVersion: 138.0.3351.95 (b095f7295f46..., userDataDir: C:\Users\smart\AppData\Loca...}, networkConnectionEnabled: false, pageLoadStrategy: normal, platformName: windows, proxy: Proxy(), se:cdp: ws://localhost:52326/devtoo..., se:cdpVersion: 138.0.3351.95, setWindowRect: true, strictFileInteractability: false, timeouts: {implicit: 0, pageLoad: 300000, script: 30000}, unhandledPromptBehavior: dismiss and notify, webauthn:extension:credBlob: true, webauthn:extension:largeBlob: true, webauthn:extension:minPinLength: true, webauthn:extension:prf: true, webauthn:virtualAuthenticators: true}
Session ID: e0f1c78d8cc8d90cae7d8a8455520e1e
	at org.openqa.selenium.support.ui.WebDriverWait.timeoutException(WebDriverWait.java:84)
	at org.openqa.selenium.support.ui.FluentWait.until(FluentWait.java:228)
	at tests.SignUpTests.testSignUpScenarios(SignUpTests.java:50)
	at java.base/jdk.internal.reflect.NativeMethodAccessorImpl.invoke0(Native Method)
	at java.base/jdk.internal.reflect.NativeMethodAccessorImpl.invoke(NativeMethodAccessorImpl.java:77)
	at java.base/jdk.internal.reflect.DelegatingMethodAccessorImpl.invoke(DelegatingMethodAccessorImpl.java:43)
	at java.base/java.lang.reflect.Method.invoke(Method.java:568)
	at org.testng.internal.invokers.MethodInvocationHelper.invokeMethod(MethodInvocationHelper.java:141)
	at org.testng.internal.invokers.TestInvoker.invokeMethod(TestInvoker.java:687)
	at org.testng.internal.invokers.TestInvoker.invokeTestMethod(TestInvoker.java:230)
	at org.testng.internal.invokers.MethodRunner.runInSequence(MethodRunner.java:63)
	at org.testng.internal.invokers.TestInvoker$MethodInvocationAgent.invoke(TestInvoker.java:995)
	at org.testng.internal.invokers.TestInvoker.invokeTestMethods(TestInvoker.java:203)
	at org.testng.internal.invokers.TestMethodWorker.invokeTestMethods(TestMethodWorker.java:154)
	at org.testng.internal.invokers.TestMethodWorker.run(TestMethodWorker.java:134)
	at java.base/java.util.ArrayList.forEach(ArrayList.java:1511)
	at org.testng.TestRunner.privateRun(TestRunner.java:741)
	at org.testng.TestRunner.run(TestRunner.java:616)
	at org.testng.SuiteRunner.runTest(SuiteRunner.java:421)
	at org.testng.SuiteRunner$SuiteWorker.run(SuiteRunner.java:463)
	at org.testng.internal.thread.ThreadUtil.lambda$execute$0(ThreadUtil.java:64)
	at java.base/java.util.concurrent.FutureTask.run(FutureTask.java:264)
	at java.base/java.util.concurrent.ThreadPoolExecutor.runWorker(ThreadPoolExecutor.java:1136)
	at java.base/java.util.concurrent.ThreadPoolExecutor$Worker.run(ThreadPoolExecutor.java:635)
	at java.base/java.lang.Thread.run(Thread.java:840)
</pre></div></td>
<td>11</td>
<td>tests.SignUpTests@94f6bfb</td></tr>
</table><p>
<table width='100%' border='1' class='invocation-passed'>
<tr><td colspan='4' align='center'><b>PASSED TESTS</b></td></tr>
<tr><td><b>Test method</b></td>
<td><b>Attribute(s)</b></td>
<td width="30%"><b>Exception</b></td>
<td width="10%"><b>Time (seconds)</b></td>
<td><b>Instance</b></td>
</tr>
<tr>
<td title='tests.SignUpTests.testSignUpScenarios()'><b>testSignUpScenarios</b><br>Test class: tests.SignUpTests<br>Parameters: Mike, Tyson, abc, Pass123, User validation failed</td>
<td></td>
<td>2</td>
<td>tests.SignUpTests@94f6bfb</td></tr>
<tr>
<td title='tests.SessionManagementTests.testLoginStateOnRefresh()'><b>testLoginStateOnRefresh</b><br>Test class: tests.SessionManagementTests</td>
<td></td>
<td>2</td>
<td>tests.SessionManagementTests@1255b1d1</td></tr>
<tr>
<td title='tests.LoginTests.testLoginScenarios()'><b>testLoginScenarios</b><br>Test class: tests.LoginTests<br>Parameters: invalidEmail, Password123!, Incorrect username or password</td>
<td></td>
<td>1</td>
<td>tests.LoginTests@35fe2125</td></tr>
<tr>
<td title='tests.DeleteContactTests.testDeleteContact()'><b>testDeleteContact</b><br>Test class: tests.DeleteContactTests<br>Parameters: John Doe, verify_deleted</td>
<td></td>
<td>11</td>
<td>tests.DeleteContactTests@60b71e8f</td></tr>
<tr>
<td title='tests.DeleteContactTests.testDeleteContact()'><b>testDeleteContact</b><br>Test class: tests.DeleteContactTests<br>Parameters: John Doe, delete_contact</td>
<td></td>
<td>28</td>
<td>tests.DeleteContactTests@60b71e8f</td></tr>
<tr>
<td title='tests.SessionManagementTests.testLogoutRedirectsToLogin()'><b>testLogoutRedirectsToLogin</b><br>Test class: tests.SessionManagementTests</td>
<td></td>
<td>2</td>
<td>tests.SessionManagementTests@1255b1d1</td></tr>
<tr>
<td title='tests.SessionManagementTests.testContactFormAlignment()'><b>testContactFormAlignment</b><br>Test class: tests.SessionManagementTests</td>
<td></td>
<td>2</td>
<td>tests.SessionManagementTests@1255b1d1</td></tr>
<tr>
<td title='tests.EditContactTests.testEditContact()'><b>testEditContact</b><br>Test class: tests.EditContactTests<br>Parameters: Jane, Smith, jane.new@email.com, 2147483647, Validation failed, validate</td>
<td></td>
<td>12</td>
<td>tests.EditContactTests@2484f433</td></tr>
<tr>
<td title='tests.SessionManagementTests.testBackButtonAfterLogout()'><b>testBackButtonAfterLogout</b><br>Test class: tests.SessionManagementTests</td>
<td></td>
<td>2</td>
<td>tests.SessionManagementTests@1255b1d1</td></tr>
<tr>
<td title='tests.SessionManagementTests.testLoginRequiredForContactList()'><b>testLoginRequiredForContactList</b><br>Test class: tests.SessionManagementTests</td>
<td></td>
<td>0</td>
<td>tests.SessionManagementTests@1255b1d1</td></tr>
<tr>
<td title='tests.AddContactTests.testAddContactScenarios()'><b>testAddContactScenarios</b><br>Test class: tests.AddContactTests<br>Parameters: John, Doe, john@test.com, 1234567890, success</td>
<td></td>
<td>4</td>
<td>tests.AddContactTests@34645867</td></tr>
<tr>
<td title='tests.DeleteContactTests.testDeleteContact()'><b>testDeleteContact</b><br>Test class: tests.DeleteContactTests<br>Parameters: John Doe, check_alert</td>
<td></td>
<td>2</td>
<td>tests.DeleteContactTests@60b71e8f</td></tr>
<tr>
<td title='tests.LoginTests.testLoginScenarios()'><b>testLoginScenarios</b><br>Test class: tests.LoginTests<br>Parameters: chitturaju96@gmail.com, chitturaju, success</td>
<td></td>
<td>2</td>
<td>tests.LoginTests@35fe2125</td></tr>
<tr>
<td title='tests.AddContactTests.testAddContactScenarios()'><b>testAddContactScenarios</b><br>Test class: tests.AddContactTests<br>Parameters: , Doe, blankfn@test.com, 1234567890, Contact validation failed</td>
<td></td>
<td>4</td>
<td>tests.AddContactTests@34645867</td></tr>
<tr>
<td title='tests.EditContactTests.testEditContact()'><b>testEditContact</b><br>Test class: tests.EditContactTests<br>Parameters: Jane, Smith, jane.new@email.com, 2147483647, , save</td>
<td></td>
<td>14</td>
<td>tests.EditContactTests@2484f433</td></tr>
<tr>
<td title='tests.EditContactTests.testEditContact()'><b>testEditContact</b><br>Test class: tests.EditContactTests<br>Parameters: Jane, Smith, jane.new@email.com, 2147483647, , cancel</td>
<td></td>
<td>14</td>
<td>tests.EditContactTests@2484f433</td></tr>
<tr>
<td title='tests.SignUpTests.testSignUpScenarios()'><b>testSignUpScenarios</b><br>Test class: tests.SignUpTests<br>Parameters: , , , , User validation failed</td>
<td></td>
<td>2</td>
<td>tests.SignUpTests@94f6bfb</td></tr>
<tr>
<td title='tests.AddContactTests.testAddContactScenarios()'><b>testAddContactScenarios</b><br>Test class: tests.AddContactTests<br>Parameters: Jane, , blankln@test.com, 1234567890, Contact validation failed</td>
<td></td>
<td>5</td>
<td>tests.AddContactTests@34645867</td></tr>
<tr>
<td title='tests.LoginTests.verifyPasswordIsMasked()'><b>verifyPasswordIsMasked</b><br>Test class: tests.LoginTests</td>
<td></td>
<td>0</td>
<td>tests.LoginTests@35fe2125</td></tr>
<tr>
<td title='tests.SignUpTests.testSignUpScenarios()'><b>testSignUpScenarios</b><br>Test class: tests.SignUpTests<br>Parameters: Monica, Devi, chitturaju96@gmail.com, Password123!, Email address is already in use</td>
<td></td>
<td>2</td>
<td>tests.SignUpTests@94f6bfb</td></tr>
<tr>
<td title='tests.AddContactTests.testAddContactScenarios()'><b>testAddContactScenarios</b><br>Test class: tests.AddContactTests<br>Parameters: , , , , </td>
<td></td>
<td>4</td>
<td>tests.AddContactTests@34645867</td></tr>
<tr>
<td title='tests.LoginTests.testLoginScenarios()'><b>testLoginScenarios</b><br>Test class: tests.LoginTests<br>Parameters: , , Incorrect username or password</td>
<td></td>
<td>1</td>
<td>tests.LoginTests@35fe2125</td></tr>
<tr>
<td title='tests.AddContactTests.testAddContactScenarios()'><b>testAddContactScenarios</b><br>Test class: tests.AddContactTests<br>Parameters: Jane, Smith, jane@test.com, abc123, Contact validation failed</td>
<td></td>
<td>4</td>
<td>tests.AddContactTests@34645867</td></tr>
<tr>
<td title='tests.LoginTests.testLoginScenarios()'><b>testLoginScenarios</b><br>Test class: tests.LoginTests<br>Parameters: testuser@example.com, WrongPass, Incorrect username or password</td>
<td></td>
<td>1</td>
<td>tests.LoginTests@35fe2125</td></tr>
</table><p>
</body>
</html>