<?xml version="1.0" encoding="UTF-8"?>
<!-- Generated by org.testng.reporters.JUnitXMLReporter -->
<testsuite ignored="10" hostname="DESKTOP-MSCIP15" failures="1" tests="25" name="Edge Tests" time="221.964" errors="0" timestamp="2025-07-21T13:40:50 GMT-07:00">
  <testcase classname="tests.AddContactTests" name="testAddContactScenarios" time="4.581"/>
  <testcase classname="tests.AddContactTests" name="testAddContactScenarios" time="4.539"/>
  <testcase classname="tests.AddContactTests" name="testAddContactScenarios" time="5.046"/>
  <testcase classname="tests.AddContactTests" name="testAddContactScenarios" time="4.896"/>
  <testcase classname="tests.AddContactTests" name="testAddContactScenarios" time="4.833"/>
  <testcase classname="tests.DeleteContactTests" name="testDeleteContact" time="2.828"/>
  <testcase classname="tests.DeleteContactTests" name="testDeleteContact" time="28.245"/>
  <testcase classname="tests.DeleteContactTests" name="testDeleteContact" time="11.31"/>
  <testcase classname="tests.EditContactTests" name="testEditContact" time="12.139"/>
  <testcase classname="tests.EditContactTests" name="testEditContact" time="14.839"/>
  <testcase classname="tests.EditContactTests" name="testEditContact" time="14.161"/>
  <testcase classname="tests.LoginTests" name="testLoginScenarios" time="2.044"/>
  <testcase classname="tests.LoginTests" name="testLoginScenarios" time="1.567"/>
  <testcase classname="tests.LoginTests" name="testLoginScenarios" time="1.481"/>
  <testcase classname="tests.LoginTests" name="testLoginScenarios" time="1.519"/>
  <testcase classname="tests.SignUpTests" name="testSignUpScenarios" time="11.775">
    <failure type="org.openqa.selenium.TimeoutException" message="Expected condition failed: waiting for visibility of element located by By.id: add-contact (tried for 10 second(s) with 500 milliseconds interval)
Build info: version: &amp;apos;4.21.0&amp;apos;, revision: &amp;apos;79ed462ef4&amp;apos;
System info: os.name: &amp;apos;Windows 10&amp;apos;, os.arch: &amp;apos;amd64&amp;apos;, os.version: &amp;apos;10.0&amp;apos;, java.version: &amp;apos;17.0.10&amp;apos;
Driver info: org.openqa.selenium.edge.EdgeDriver
Capabilities {acceptInsecureCerts: false, browserName: MicrosoftEdge, browserVersion: 138.0.3351.95, fedcm:accounts: true, ms:edgeOptions: {debuggerAddress: localhost:52326}, msedge: {msedgedriverVersion: 138.0.3351.95 (b095f7295f46..., userDataDir: C:\Users\smart\AppData\Loca...}, networkConnectionEnabled: false, pageLoadStrategy: normal, platformName: windows, proxy: Proxy(), se:cdp: ws://localhost:52326/devtoo..., se:cdpVersion: 138.0.3351.95, setWindowRect: true, strictFileInteractability: false, timeouts: {implicit: 0, pageLoad: 300000, script: 30000}, unhandledPromptBehavior: dismiss and notify, webauthn:extension:credBlob: true, webauthn:extension:largeBlob: true, webauthn:extension:minPinLength: true, webauthn:extension:prf: true, webauthn:virtualAuthenticators: true}
Session ID: e0f1c78d8cc8d90cae7d8a8455520e1e">
      <![CDATA[org.openqa.selenium.TimeoutException: Expected condition failed: waiting for visibility of element located by By.id: add-contact (tried for 10 second(s) with 500 milliseconds interval)
Build info: version: '4.21.0', revision: '79ed462ef4'
System info: os.name: 'Windows 10', os.arch: 'amd64', os.version: '10.0', java.version: '17.0.10'
Driver info: org.openqa.selenium.edge.EdgeDriver
Capabilities {acceptInsecureCerts: false, browserName: MicrosoftEdge, browserVersion: 138.0.3351.95, fedcm:accounts: true, ms:edgeOptions: {debuggerAddress: localhost:52326}, msedge: {msedgedriverVersion: 138.0.3351.95 (b095f7295f46..., userDataDir: C:\Users\smart\AppData\Loca...}, networkConnectionEnabled: false, pageLoadStrategy: normal, platformName: windows, proxy: Proxy(), se:cdp: ws://localhost:52326/devtoo..., se:cdpVersion: 138.0.3351.95, setWindowRect: true, strictFileInteractability: false, timeouts: {implicit: 0, pageLoad: 300000, script: 30000}, unhandledPromptBehavior: dismiss and notify, webauthn:extension:credBlob: true, webauthn:extension:largeBlob: true, webauthn:extension:minPinLength: true, webauthn:extension:prf: true, webauthn:virtualAuthenticators: true}
Session ID: e0f1c78d8cc8d90cae7d8a8455520e1e
at org.openqa.selenium.support.ui.WebDriverWait.timeoutException(WebDriverWait.java:84)
at org.openqa.selenium.support.ui.FluentWait.until(FluentWait.java:228)
at tests.SignUpTests.testSignUpScenarios(SignUpTests.java:50)
at java.base/java.util.ArrayList.forEach(ArrayList.java:1511)
at java.base/java.util.concurrent.FutureTask.run(FutureTask.java:264)
at java.base/java.util.concurrent.ThreadPoolExecutor.runWorker(ThreadPoolExecutor.java:1136)
at java.base/java.util.concurrent.ThreadPoolExecutor$Worker.run(ThreadPoolExecutor.java:635)
at java.base/java.lang.Thread.run(Thread.java:840)
... Removed 17 stack frames]]>
    </failure>
  </testcase> <!-- testSignUpScenarios -->
  <testcase classname="tests.SignUpTests" name="testSignUpScenarios" time="2.496"/>
  <testcase classname="tests.SignUpTests" name="testSignUpScenarios" time="2.28"/>
  <testcase classname="tests.SignUpTests" name="testSignUpScenarios" time="2.562"/>
  <testcase classname="tests.LoginTests" name="verifyPasswordIsMasked" time="0.045"/>
  <testcase classname="tests.SessionManagementTests" name="testLogoutRedirectsToLogin" time="2.587"/>
  <testcase classname="tests.SessionManagementTests" name="testLoginStateOnRefresh" time="2.269"/>
  <testcase classname="tests.SessionManagementTests" name="testLoginRequiredForContactList" time="0.577"/>
  <testcase classname="tests.SessionManagementTests" name="testBackButtonAfterLogout" time="2.448"/>
  <testcase classname="tests.SessionManagementTests" name="testContactFormAlignment" time="2.689"/>
  <testcase classname="base.BaseTest" name="@AfterSuite tearDownReport" time="0.0">
    <ignored/>
  </testcase> <!-- @AfterSuite tearDownReport -->
  <testcase classname="base.BaseTest" name="@BeforeSuite setUpReport" time="0.0">
    <ignored/>
  </testcase> <!-- @BeforeSuite setUpReport -->
  <testcase classname="base.BaseTest" name="@BeforeSuite setUpReport" time="0.0">
    <ignored/>
  </testcase> <!-- @BeforeSuite setUpReport -->
  <testcase classname="base.BaseTest" name="@BeforeSuite setUpReport" time="0.0">
    <ignored/>
  </testcase> <!-- @BeforeSuite setUpReport -->
  <testcase classname="base.BaseTest" name="@AfterSuite tearDownReport" time="0.0">
    <ignored/>
  </testcase> <!-- @AfterSuite tearDownReport -->
  <testcase classname="base.BaseTest" name="@AfterSuite tearDownReport" time="0.0">
    <ignored/>
  </testcase> <!-- @AfterSuite tearDownReport -->
  <testcase classname="base.BaseTest" name="@BeforeSuite setUpReport" time="0.0">
    <ignored/>
  </testcase> <!-- @BeforeSuite setUpReport -->
  <testcase classname="base.BaseTest" name="@AfterSuite tearDownReport" time="0.0">
    <ignored/>
  </testcase> <!-- @AfterSuite tearDownReport -->
  <testcase classname="base.BaseTest" name="@AfterSuite tearDownReport" time="0.0">
    <ignored/>
  </testcase> <!-- @AfterSuite tearDownReport -->
  <testcase classname="base.BaseTest" name="@BeforeSuite setUpReport" time="0.0">
    <ignored/>
  </testcase> <!-- @BeforeSuite setUpReport -->
</testsuite> <!-- Edge Tests -->
